;;; 
Export: Release 11.2.0.2.0 - Production on Sáb Nov 1 14:30:34 2025

Copyright (c) 1982, 2009, Oracle and/or its affiliates.  All rights reserved.
;;; 
Connected to: Oracle Database 11g Express Edition Release 11.2.0.2.0 - 64bit Production
Starting "SYSTEM"."SYS_EXPORT_SCHEMA_01":  system/********@XE SCHEMAS=BANK DIRECTORY=BACKUP_DIR DUMPFILE=BANK_XE11.dmp LOGFILE=BANK_XE11.log 
Estimate in progress using BLOCKS method...
Processing object type SCHEMA_EXPORT/TABLE/TABLE_DATA
Total estimation using BLOCKS method: 320 KB
Processing object type SCHEMA_EXPORT/USER
Processing object type SCHEMA_EXPORT/SYSTEM_GRANT
Processing object type SCHEMA_EXPORT/ROLE_GRANT
Processing object type SCHEMA_EXPORT/DEFAULT_ROLE
Processing object type SCHEMA_EXPORT/PRE_SCHEMA/PROCACT_SCHEMA
Processing object type SCHEMA_EXPORT/SEQUENCE/SEQUENCE
Processing object type SCHEMA_EXPORT/TABLE/TABLE
Processing object type SCHEMA_EXPORT/TABLE/INDEX/INDEX
Processing object type SCHEMA_EXPORT/TABLE/CONSTRAINT/CONSTRAINT
Processing object type SCHEMA_EXPORT/TABLE/INDEX/STATISTICS/INDEX_STATISTICS
Processing object type SCHEMA_EXPORT/TABLE/COMMENT
Processing object type SCHEMA_EXPORT/TABLE/CONSTRAINT/REF_CONSTRAINT
Processing object type SCHEMA_EXPORT/TABLE/TRIGGER
Processing object type SCHEMA_EXPORT/TABLE/STATISTICS/TABLE_STATISTICS
. . exported "BANK"."CLIENTE"                            10.78 KB      23 rows
. . exported "BANK"."ENTIDAD_FINANCIERA"                 9.992 KB      25 rows
. . exported "BANK"."INVERSION"                          10.06 KB       1 rows
. . exported "BANK"."MONEDA"                             7.085 KB       3 rows
. . exported "BANK"."USUARIO"                            7.179 KB       6 rows
. . exported "BANK"."FONDO_INVERSION"                        0 KB       0 rows
. . exported "BANK"."PAGO_INVERSION"                         0 KB       0 rows
. . exported "BANK"."PAGO_PRESTAMO"                          0 KB       0 rows
. . exported "BANK"."PRESTAMO"                               0 KB       0 rows
Master table "SYSTEM"."SYS_EXPORT_SCHEMA_01" successfully loaded/unloaded
******************************************************************************
Dump file set for SYSTEM.SYS_EXPORT_SCHEMA_01 is:
  C:\ORACLE_BACKUP\BANK_XE11.DMP
Job "SYSTEM"."SYS_EXPORT_SCHEMA_01" successfully completed at 14:30:46
